[28-Dec-2020 18:52:15 Asia/Tokyo] PHP Notice:  Only variables should be passed by reference in /var/www/html/user/action/register.php on line 17
[28-Dec-2020 18:54:54 Asia/Tokyo] PHP Notice:  Only variables should be passed by reference in /var/www/html/user/action/register.php on line 17
[29-Dec-2020 09:39:05 Asia/Tokyo] PHP Fatal error:  Uncaught Error: Call to undefined function stringMixSizeCheck() in /var/www/html/login/action/login.php:20
Stack trace:
#0 {main}
  thrown in /var/www/html/login/action/login.php on line 20
[29-Dec-2020 09:40:09 Asia/Tokyo] PHP Fatal error:  Uncaught Error: Call to undefined function stringMimSizeCheck() in /var/www/html/login/action/login.php:20
Stack trace:
#0 {main}
  thrown in /var/www/html/login/action/login.php on line 20
[29-Dec-2020 09:40:27 Asia/Tokyo] PHP Fatal error:  Uncaught Error: Function name must be a string in /var/www/html/login/action/login.php:30
Stack trace:
#0 {main}
  thrown in /var/www/html/login/action/login.php on line 30
[29-Dec-2020 10:56:55 Asia/Tokyo] PHP Notice:  Only variables should be passed by reference in /var/www/html/user/action/register.php on line 50
[29-Dec-2020 12:33:47 Asia/Tokyo] PHP Notice:  Only variables should be passed by reference in /var/www/html/user/action/register.php on line 50
[29-Dec-2020 12:39:08 Asia/Tokyo] PHP Notice:  Only variables should be passed by reference in /var/www/html/user/action/register.php on line 50
[30-Dec-2020 14:46:02 Asia/Tokyo] PHP Notice:  Only variables should be passed by reference in /var/www/html/memo/action/update.php on line 20
[30-Dec-2020 14:46:02 Asia/Tokyo] PHP Notice:  Only variables should be passed by reference in /var/www/html/memo/action/update.php on line 21
[30-Dec-2020 14:46:02 Asia/Tokyo] PHP Warning:  PDOStatement::execute(): SQLSTATE[HY093]: Invalid parameter number: parameter was not defined in /var/www/html/memo/action/update.php on line 24
[30-Dec-2020 14:46:02 Asia/Tokyo] PHP Notice:  Trying to access array offset on value of type bool in /var/www/html/memo/action/update.php on line 34
[30-Dec-2020 14:46:02 Asia/Tokyo] PHP Notice:  Trying to access array offset on value of type bool in /var/www/html/memo/action/update.php on line 35
[30-Dec-2020 14:46:02 Asia/Tokyo] PHP Notice:  Trying to access array offset on value of type bool in /var/www/html/memo/action/update.php on line 36
[30-Dec-2020 14:46:12 Asia/Tokyo] PHP Notice:  Only variables should be passed by reference in /var/www/html/memo/action/update.php on line 20
[30-Dec-2020 14:46:12 Asia/Tokyo] PHP Notice:  Only variables should be passed by reference in /var/www/html/memo/action/update.php on line 21
[30-Dec-2020 14:46:12 Asia/Tokyo] PHP Warning:  PDOStatement::execute(): SQLSTATE[HY093]: Invalid parameter number: parameter was not defined in /var/www/html/memo/action/update.php on line 24
[30-Dec-2020 14:46:12 Asia/Tokyo] PHP Notice:  Trying to access array offset on value of type bool in /var/www/html/memo/action/update.php on line 34
[30-Dec-2020 14:46:12 Asia/Tokyo] PHP Notice:  Trying to access array offset on value of type bool in /var/www/html/memo/action/update.php on line 35
[30-Dec-2020 14:46:12 Asia/Tokyo] PHP Notice:  Trying to access array offset on value of type bool in /var/www/html/memo/action/update.php on line 36
[30-Dec-2020 14:46:25 Asia/Tokyo] PHP Notice:  Only variables should be passed by reference in /var/www/html/memo/action/update.php on line 20
[30-Dec-2020 14:46:25 Asia/Tokyo] PHP Notice:  Only variables should be passed by reference in /var/www/html/memo/action/update.php on line 21
[30-Dec-2020 14:46:25 Asia/Tokyo] PHP Warning:  PDOStatement::execute(): SQLSTATE[HY093]: Invalid parameter number: parameter was not defined in /var/www/html/memo/action/update.php on line 24
[30-Dec-2020 14:46:25 Asia/Tokyo] PHP Notice:  Trying to access array offset on value of type bool in /var/www/html/memo/action/update.php on line 34
[30-Dec-2020 14:46:25 Asia/Tokyo] PHP Notice:  Trying to access array offset on value of type bool in /var/www/html/memo/action/update.php on line 35
[30-Dec-2020 14:46:25 Asia/Tokyo] PHP Notice:  Trying to access array offset on value of type bool in /var/www/html/memo/action/update.php on line 36
[30-Dec-2020 14:52:46 Asia/Tokyo] PHP Notice:  Only variables should be passed by reference in /var/www/html/memo/action/update.php on line 20
[30-Dec-2020 14:52:46 Asia/Tokyo] PHP Notice:  Only variables should be passed by reference in /var/www/html/memo/action/update.php on line 21
[30-Dec-2020 14:52:46 Asia/Tokyo] PHP Warning:  PDOStatement::execute(): SQLSTATE[HY093]: Invalid parameter number: parameter was not defined in /var/www/html/memo/action/update.php on line 24
[30-Dec-2020 14:52:46 Asia/Tokyo] PHP Notice:  Trying to access array offset on value of type bool in /var/www/html/memo/action/update.php on line 34
[30-Dec-2020 14:52:46 Asia/Tokyo] PHP Notice:  Trying to access array offset on value of type bool in /var/www/html/memo/action/update.php on line 35
[30-Dec-2020 14:52:46 Asia/Tokyo] PHP Notice:  Trying to access array offset on value of type bool in /var/www/html/memo/action/update.php on line 36
[30-Dec-2020 14:58:19 Asia/Tokyo] PHP Notice:  Only variables should be passed by reference in /var/www/html/memo/action/update.php on line 20
[30-Dec-2020 14:58:19 Asia/Tokyo] PHP Notice:  Only variables should be passed by reference in /var/www/html/memo/action/update.php on line 21
[30-Dec-2020 14:59:11 Asia/Tokyo] PHP Notice:  Only variables should be passed by reference in /var/www/html/memo/action/update.php on line 20
[30-Dec-2020 14:59:11 Asia/Tokyo] PHP Notice:  Only variables should be passed by reference in /var/www/html/memo/action/update.php on line 21
[30-Dec-2020 14:59:11 Asia/Tokyo] PHP Warning:  PDOStatement::execute(): SQLSTATE[HY093]: Invalid parameter number: parameter was not defined in /var/www/html/memo/action/update.php on line 24
[30-Dec-2020 14:59:14 Asia/Tokyo] PHP Notice:  Only variables should be passed by reference in /var/www/html/memo/action/update.php on line 20
[30-Dec-2020 14:59:14 Asia/Tokyo] PHP Notice:  Only variables should be passed by reference in /var/www/html/memo/action/update.php on line 21
[30-Dec-2020 14:59:14 Asia/Tokyo] PHP Warning:  PDOStatement::execute(): SQLSTATE[HY093]: Invalid parameter number: parameter was not defined in /var/www/html/memo/action/update.php on line 24
[30-Dec-2020 14:59:34 Asia/Tokyo] PHP Notice:  Only variables should be passed by reference in /var/www/html/memo/action/update.php on line 20
[30-Dec-2020 14:59:34 Asia/Tokyo] PHP Notice:  Only variables should be passed by reference in /var/www/html/memo/action/update.php on line 21
[30-Dec-2020 14:59:34 Asia/Tokyo] PHP Warning:  PDOStatement::execute(): SQLSTATE[HY093]: Invalid parameter number: parameter was not defined in /var/www/html/memo/action/update.php on line 24
[30-Dec-2020 15:02:21 Asia/Tokyo] PHP Notice:  Only variables should be passed by reference in /var/www/html/memo/action/update.php on line 20
[30-Dec-2020 15:02:21 Asia/Tokyo] PHP Notice:  Only variables should be passed by reference in /var/www/html/memo/action/update.php on line 21
[30-Dec-2020 15:02:21 Asia/Tokyo] PHP Warning:  PDOStatement::execute(): SQLSTATE[HY093]: Invalid parameter number: parameter was not defined in /var/www/html/memo/action/update.php on line 24
[30-Dec-2020 15:04:06 Asia/Tokyo] PHP Notice:  Only variables should be passed by reference in /var/www/html/memo/action/update.php on line 20
[30-Dec-2020 15:04:06 Asia/Tokyo] PHP Notice:  Only variables should be passed by reference in /var/www/html/memo/action/update.php on line 21
[30-Dec-2020 15:04:06 Asia/Tokyo] PHP Warning:  PDOStatement::execute(): SQLSTATE[HY093]: Invalid parameter number: parameter was not defined in /var/www/html/memo/action/update.php on line 24
[30-Dec-2020 15:05:07 Asia/Tokyo] PHP Notice:  Only variables should be passed by reference in /var/www/html/memo/action/update.php on line 20
[30-Dec-2020 15:05:08 Asia/Tokyo] PHP Notice:  Only variables should be passed by reference in /var/www/html/memo/action/update.php on line 21
[30-Dec-2020 15:05:08 Asia/Tokyo] PHP Warning:  PDOStatement::execute(): SQLSTATE[HY093]: Invalid parameter number: parameter was not defined in /var/www/html/memo/action/update.php on line 24
[30-Dec-2020 15:14:51 Asia/Tokyo] PHP Notice:  Only variables should be passed by reference in /var/www/html/memo/action/update.php on line 20
[30-Dec-2020 15:14:51 Asia/Tokyo] PHP Notice:  Only variables should be passed by reference in /var/www/html/memo/action/update.php on line 21
[30-Dec-2020 15:14:51 Asia/Tokyo] PHP Warning:  PDOStatement::execute(): SQLSTATE[HY093]: Invalid parameter number: parameter was not defined in /var/www/html/memo/action/update.php on line 24
[30-Dec-2020 15:19:02 Asia/Tokyo] PHP Notice:  Only variables should be passed by reference in /var/www/html/memo/action/update.php on line 20
[30-Dec-2020 15:19:02 Asia/Tokyo] PHP Notice:  Only variables should be passed by reference in /var/www/html/memo/action/update.php on line 21
