2020-12-27T22:48:07.753103Z 0 [Warning] TIMESTAMP with implicit DEFAULT value is deprecated. Please use --explicit_defaults_for_timestamp server option (see documentation for more details).
2020-12-27T22:48:07.778449Z 0 [Warning] Setting lower_case_table_names=2 because file system for /var/lib/mysql/ is case insensitive
2020-12-27T22:48:11.860286Z 0 [Warning] InnoDB: New log files created, LSN=45790
2020-12-27T22:48:12.340246Z 0 [Warning] InnoDB: Creating foreign key constraint system tables.
2020-12-27T22:48:12.427243Z 0 [Warning] No existing UUID has been found, so we assume that this is the first time that this server has been started. Generating a new UUID: 994dcdc2-4895-11eb-83c2-0242ac120002.
2020-12-27T22:48:12.444064Z 0 [Warning] Gtid table is not ready to be used. Table 'mysql.gtid_executed' cannot be opened.
2020-12-27T22:48:12.831174Z 0 [Warning] CA certificate ca.pem is self signed.
2020-12-27T22:48:13.112992Z 1 [Warning] root@localhost is created with an empty password ! Please consider switching off the --initialize-insecure option.
2020-12-27T22:48:27.753993Z 0 [Warning] TIMESTAMP with implicit DEFAULT value is deprecated. Please use --explicit_defaults_for_timestamp server option (see documentation for more details).
2020-12-27T22:48:27.770900Z 0 [Note] mysqld (mysqld 5.7.32) starting as process 80 ...
2020-12-27T22:48:27.790121Z 0 [Warning] Setting lower_case_table_names=2 because file system for /var/lib/mysql/ is case insensitive
2020-12-27T22:48:27.796447Z 0 [Note] InnoDB: PUNCH HOLE support available
2020-12-27T22:48:27.799387Z 0 [Note] InnoDB: Mutexes and rw_locks use GCC atomic builtins
2020-12-27T22:48:27.801688Z 0 [Note] InnoDB: Uses event mutexes
2020-12-27T22:48:27.804166Z 0 [Note] InnoDB: GCC builtin __atomic_thread_fence() is used for memory barrier
2020-12-27T22:48:27.808960Z 0 [Note] InnoDB: Compressed tables use zlib 1.2.11
2020-12-27T22:48:27.810830Z 0 [Note] InnoDB: Using Linux native AIO
2020-12-27T22:48:27.812111Z 0 [Note] InnoDB: Number of pools: 1
2020-12-27T22:48:27.813406Z 0 [Note] InnoDB: Using CPU crc32 instructions
2020-12-27T22:48:27.816874Z 0 [Note] InnoDB: Initializing buffer pool, total size = 128M, instances = 1, chunk size = 128M
2020-12-27T22:48:27.835917Z 0 [Note] InnoDB: Completed initialization of buffer pool
2020-12-27T22:48:27.843239Z 0 [Note] InnoDB: If the mysqld execution user is authorized, page cleaner thread priority can be changed. See the man page of setpriority().
2020-12-27T22:48:27.931168Z 0 [Note] InnoDB: Highest supported file format is Barracuda.
2020-12-27T22:48:28.124059Z 0 [Note] InnoDB: Creating shared tablespace for temporary tables
2020-12-27T22:48:28.129949Z 0 [Note] InnoDB: Setting file './ibtmp1' size to 12 MB. Physically writing the file full; Please wait ...
2020-12-27T22:48:28.309819Z 0 [Note] InnoDB: File './ibtmp1' size is now 12 MB.
2020-12-27T22:48:28.317916Z 0 [Note] InnoDB: 96 redo rollback segment(s) found. 96 redo rollback segment(s) are active.
2020-12-27T22:48:28.318942Z 0 [Note] InnoDB: 32 non-redo rollback segment(s) are active.
2020-12-27T22:48:28.321029Z 0 [Note] InnoDB: Waiting for purge to start
2020-12-27T22:48:28.373263Z 0 [Note] InnoDB: 5.7.32 started; log sequence number 2747766
2020-12-27T22:48:28.377769Z 0 [Note] InnoDB: Loading buffer pool(s) from /var/lib/mysql/ib_buffer_pool
2020-12-27T22:48:28.378362Z 0 [Note] Plugin 'FEDERATED' is disabled.
2020-12-27T22:48:28.493601Z 0 [Note] Found ca.pem, server-cert.pem and server-key.pem in data directory. Trying to enable SSL support using them.
2020-12-27T22:48:28.496740Z 0 [Note] Skipping generation of SSL certificates as certificate files are present in data directory.
2020-12-27T22:48:28.495181Z 0 [Note] InnoDB: Buffer pool(s) load completed at 201228  7:48:28
2020-12-27T22:48:28.523278Z 0 [Warning] CA certificate ca.pem is self signed.
2020-12-27T22:48:28.528867Z 0 [Note] Skipping generation of RSA key pair as key files are present in data directory.
2020-12-27T22:48:28.545056Z 0 [Warning] Insecure configuration for --pid-file: Location '/var/run/mysqld' in the path is accessible to all OS users. Consider choosing a different directory.
2020-12-27T22:48:29.083446Z 0 [Note] Event Scheduler: Loaded 0 events
2020-12-27T22:48:29.085040Z 0 [Note] mysqld: ready for connections.
Version: '5.7.32'  socket: '/var/run/mysqld/mysqld.sock'  port: 0  MySQL Community Server (GPL)
2020-12-27T22:48:35.497018Z 0 [Note] Giving 0 client threads a chance to die gracefully
2020-12-27T22:48:35.498720Z 0 [Note] Shutting down slave threads
2020-12-27T22:48:35.499804Z 0 [Note] Forcefully disconnecting 0 remaining clients
2020-12-27T22:48:35.501037Z 0 [Note] Event Scheduler: Purging the queue. 0 events
2020-12-27T22:48:35.503173Z 0 [Note] Binlog end
2020-12-27T22:48:35.509271Z 0 [Note] Shutting down plugin 'ngram'
2020-12-27T22:48:35.510995Z 0 [Note] Shutting down plugin 'partition'
2020-12-27T22:48:35.512645Z 0 [Note] Shutting down plugin 'BLACKHOLE'
2020-12-27T22:48:35.513708Z 0 [Note] Shutting down plugin 'ARCHIVE'
2020-12-27T22:48:35.514827Z 0 [Note] Shutting down plugin 'PERFORMANCE_SCHEMA'
2020-12-27T22:48:35.515941Z 0 [Note] Shutting down plugin 'MRG_MYISAM'
2020-12-27T22:48:35.517693Z 0 [Note] Shutting down plugin 'MyISAM'
2020-12-27T22:48:35.518805Z 0 [Note] Shutting down plugin 'INNODB_SYS_VIRTUAL'
2020-12-27T22:48:35.519711Z 0 [Note] Shutting down plugin 'INNODB_SYS_DATAFILES'
2020-12-27T22:48:35.520966Z 0 [Note] Shutting down plugin 'INNODB_SYS_TABLESPACES'
2020-12-27T22:48:35.522382Z 0 [Note] Shutting down plugin 'INNODB_SYS_FOREIGN_COLS'
2020-12-27T22:48:35.523793Z 0 [Note] Shutting down plugin 'INNODB_SYS_FOREIGN'
2020-12-27T22:48:35.525064Z 0 [Note] Shutting down plugin 'INNODB_SYS_FIELDS'
2020-12-27T22:48:35.526875Z 0 [Note] Shutting down plugin 'INNODB_SYS_COLUMNS'
2020-12-27T22:48:35.528362Z 0 [Note] Shutting down plugin 'INNODB_SYS_INDEXES'
2020-12-27T22:48:35.529619Z 0 [Note] Shutting down plugin 'INNODB_SYS_TABLESTATS'
2020-12-27T22:48:35.530855Z 0 [Note] Shutting down plugin 'INNODB_SYS_TABLES'
2020-12-27T22:48:35.532107Z 0 [Note] Shutting down plugin 'INNODB_FT_INDEX_TABLE'
2020-12-27T22:48:35.533216Z 0 [Note] Shutting down plugin 'INNODB_FT_INDEX_CACHE'
2020-12-27T22:48:35.534553Z 0 [Note] Shutting down plugin 'INNODB_FT_CONFIG'
2020-12-27T22:48:35.535575Z 0 [Note] Shutting down plugin 'INNODB_FT_BEING_DELETED'
2020-12-27T22:48:35.536807Z 0 [Note] Shutting down plugin 'INNODB_FT_DELETED'
2020-12-27T22:48:35.538609Z 0 [Note] Shutting down plugin 'INNODB_FT_DEFAULT_STOPWORD'
2020-12-27T22:48:35.539637Z 0 [Note] Shutting down plugin 'INNODB_METRICS'
2020-12-27T22:48:35.540969Z 0 [Note] Shutting down plugin 'INNODB_TEMP_TABLE_INFO'
2020-12-27T22:48:35.542185Z 0 [Note] Shutting down plugin 'INNODB_BUFFER_POOL_STATS'
2020-12-27T22:48:35.543110Z 0 [Note] Shutting down plugin 'INNODB_BUFFER_PAGE_LRU'
2020-12-27T22:48:35.544400Z 0 [Note] Shutting down plugin 'INNODB_BUFFER_PAGE'
2020-12-27T22:48:35.545633Z 0 [Note] Shutting down plugin 'INNODB_CMP_PER_INDEX_RESET'
2020-12-27T22:48:35.547248Z 0 [Note] Shutting down plugin 'INNODB_CMP_PER_INDEX'
2020-12-27T22:48:35.548781Z 0 [Note] Shutting down plugin 'INNODB_CMPMEM_RESET'
2020-12-27T22:48:35.549800Z 0 [Note] Shutting down plugin 'INNODB_CMPMEM'
2020-12-27T22:48:35.551248Z 0 [Note] Shutting down plugin 'INNODB_CMP_RESET'
2020-12-27T22:48:35.552519Z 0 [Note] Shutting down plugin 'INNODB_CMP'
2020-12-27T22:48:35.553951Z 0 [Note] Shutting down plugin 'INNODB_LOCK_WAITS'
2020-12-27T22:48:35.557639Z 0 [Note] Shutting down plugin 'INNODB_LOCKS'
2020-12-27T22:48:35.559157Z 0 [Note] Shutting down plugin 'INNODB_TRX'
2020-12-27T22:48:35.560728Z 0 [Note] Shutting down plugin 'InnoDB'
2020-12-27T22:48:35.562219Z 0 [Note] InnoDB: FTS optimize thread exiting.
2020-12-27T22:48:35.563938Z 0 [Note] InnoDB: Starting shutdown...
2020-12-27T22:48:35.669951Z 0 [Note] InnoDB: Dumping buffer pool(s) to /var/lib/mysql/ib_buffer_pool
2020-12-27T22:48:35.684990Z 0 [Note] InnoDB: Buffer pool(s) dump completed at 201228  7:48:35
2020-12-27T22:48:37.826654Z 0 [Note] InnoDB: Shutdown completed; log sequence number 12618639
2020-12-27T22:48:37.841666Z 0 [Note] InnoDB: Removed temporary tablespace data file: "ibtmp1"
2020-12-27T22:48:37.847343Z 0 [Note] Shutting down plugin 'MEMORY'
2020-12-27T22:48:37.851615Z 0 [Note] Shutting down plugin 'CSV'
2020-12-27T22:48:37.857115Z 0 [Note] Shutting down plugin 'sha256_password'
2020-12-27T22:48:37.862234Z 0 [Note] Shutting down plugin 'mysql_native_password'
2020-12-27T22:48:37.865331Z 0 [Note] Shutting down plugin 'binlog'
2020-12-27T22:48:37.879089Z 0 [Note] mysqld: Shutdown complete

2020-12-27T22:48:38.706729Z 0 [Warning] TIMESTAMP with implicit DEFAULT value is deprecated. Please use --explicit_defaults_for_timestamp server option (see documentation for more details).
2020-12-27T22:48:38.716887Z 0 [Note] mysqld (mysqld 5.7.32) starting as process 1 ...
2020-12-27T22:48:38.728029Z 0 [Warning] Setting lower_case_table_names=2 because file system for /var/lib/mysql/ is case insensitive
2020-12-27T22:48:38.735502Z 0 [Note] InnoDB: PUNCH HOLE support available
2020-12-27T22:48:38.736479Z 0 [Note] InnoDB: Mutexes and rw_locks use GCC atomic builtins
2020-12-27T22:48:38.737525Z 0 [Note] InnoDB: Uses event mutexes
2020-12-27T22:48:38.738572Z 0 [Note] InnoDB: GCC builtin __atomic_thread_fence() is used for memory barrier
2020-12-27T22:48:38.739736Z 0 [Note] InnoDB: Compressed tables use zlib 1.2.11
2020-12-27T22:48:38.740764Z 0 [Note] InnoDB: Using Linux native AIO
2020-12-27T22:48:38.742141Z 0 [Note] InnoDB: Number of pools: 1
2020-12-27T22:48:38.743514Z 0 [Note] InnoDB: Using CPU crc32 instructions
2020-12-27T22:48:38.746214Z 0 [Note] InnoDB: Initializing buffer pool, total size = 128M, instances = 1, chunk size = 128M
2020-12-27T22:48:38.760393Z 0 [Note] InnoDB: Completed initialization of buffer pool
2020-12-27T22:48:38.764717Z 0 [Note] InnoDB: If the mysqld execution user is authorized, page cleaner thread priority can be changed. See the man page of setpriority().
2020-12-27T22:48:38.844926Z 0 [Note] InnoDB: Highest supported file format is Barracuda.
2020-12-27T22:48:39.050038Z 0 [Note] InnoDB: Creating shared tablespace for temporary tables
2020-12-27T22:48:39.057636Z 0 [Note] InnoDB: Setting file './ibtmp1' size to 12 MB. Physically writing the file full; Please wait ...
2020-12-27T22:48:39.427767Z 0 [Note] InnoDB: File './ibtmp1' size is now 12 MB.
2020-12-27T22:48:39.438447Z 0 [Note] InnoDB: 96 redo rollback segment(s) found. 96 redo rollback segment(s) are active.
2020-12-27T22:48:39.439841Z 0 [Note] InnoDB: 32 non-redo rollback segment(s) are active.
2020-12-27T22:48:39.441996Z 0 [Note] InnoDB: Waiting for purge to start
2020-12-27T22:48:39.494665Z 0 [Note] InnoDB: 5.7.32 started; log sequence number 12618639
2020-12-27T22:48:39.496994Z 0 [Note] InnoDB: Loading buffer pool(s) from /var/lib/mysql/ib_buffer_pool
2020-12-27T22:48:39.497193Z 0 [Note] Plugin 'FEDERATED' is disabled.
2020-12-27T22:48:39.565164Z 0 [Note] Found ca.pem, server-cert.pem and server-key.pem in data directory. Trying to enable SSL support using them.
2020-12-27T22:48:39.568943Z 0 [Note] Skipping generation of SSL certificates as certificate files are present in data directory.
2020-12-27T22:48:39.591206Z 0 [Warning] CA certificate ca.pem is self signed.
2020-12-27T22:48:39.592672Z 0 [Note] Skipping generation of RSA key pair as key files are present in data directory.
2020-12-27T22:48:39.601223Z 0 [Note] Server hostname (bind-address): '*'; port: 3306
2020-12-27T22:48:39.602810Z 0 [Note] IPv6 is available.
2020-12-27T22:48:39.607516Z 0 [Note]   - '::' resolves to '::';
2020-12-27T22:48:39.609422Z 0 [Note] Server socket created on IP: '::'.
2020-12-27T22:48:39.662147Z 0 [Warning] Insecure configuration for --pid-file: Location '/var/run/mysqld' in the path is accessible to all OS users. Consider choosing a different directory.
2020-12-27T22:48:39.728982Z 0 [Note] InnoDB: Buffer pool(s) load completed at 201228  7:48:39
2020-12-27T22:48:40.203941Z 0 [Note] Event Scheduler: Loaded 0 events
2020-12-27T22:48:40.206509Z 0 [Note] mysqld: ready for connections.
Version: '5.7.32'  socket: '/var/run/mysqld/mysqld.sock'  port: 3306  MySQL Community Server (GPL)
2020-12-27T22:49:23.548841Z 0 [Note] Giving 0 client threads a chance to die gracefully
2020-12-27T22:49:23.550211Z 0 [Note] Shutting down slave threads
2020-12-27T22:49:23.551379Z 0 [Note] Forcefully disconnecting 0 remaining clients
2020-12-27T22:49:23.554864Z 0 [Note] Event Scheduler: Purging the queue. 0 events
2020-12-27T22:49:23.556559Z 0 [Note] Binlog end
2020-12-27T22:49:23.559274Z 0 [Note] Shutting down plugin 'ngram'
2020-12-27T22:49:23.561576Z 0 [Note] Shutting down plugin 'partition'
2020-12-27T22:49:23.564195Z 0 [Note] Shutting down plugin 'BLACKHOLE'
2020-12-27T22:49:23.565309Z 0 [Note] Shutting down plugin 'ARCHIVE'
2020-12-27T22:49:23.566993Z 0 [Note] Shutting down plugin 'PERFORMANCE_SCHEMA'
2020-12-27T22:49:23.568917Z 0 [Note] Shutting down plugin 'MRG_MYISAM'
2020-12-27T22:49:23.570415Z 0 [Note] Shutting down plugin 'MyISAM'
2020-12-27T22:49:23.573142Z 0 [Note] Shutting down plugin 'INNODB_SYS_VIRTUAL'
2020-12-27T22:49:23.574664Z 0 [Note] Shutting down plugin 'INNODB_SYS_DATAFILES'
2020-12-27T22:49:23.575786Z 0 [Note] Shutting down plugin 'INNODB_SYS_TABLESPACES'
2020-12-27T22:49:23.576807Z 0 [Note] Shutting down plugin 'INNODB_SYS_FOREIGN_COLS'
2020-12-27T22:49:23.577618Z 0 [Note] Shutting down plugin 'INNODB_SYS_FOREIGN'
2020-12-27T22:49:23.578401Z 0 [Note] Shutting down plugin 'INNODB_SYS_FIELDS'
2020-12-27T22:49:23.579610Z 0 [Note] Shutting down plugin 'INNODB_SYS_COLUMNS'
2020-12-27T22:49:23.580919Z 0 [Note] Shutting down plugin 'INNODB_SYS_INDEXES'
2020-12-27T22:49:23.582183Z 0 [Note] Shutting down plugin 'INNODB_SYS_TABLESTATS'
2020-12-27T22:49:23.583154Z 0 [Note] Shutting down plugin 'INNODB_SYS_TABLES'
2020-12-27T22:49:23.584691Z 0 [Note] Shutting down plugin 'INNODB_FT_INDEX_TABLE'
2020-12-27T22:49:23.586308Z 0 [Note] Shutting down plugin 'INNODB_FT_INDEX_CACHE'
2020-12-27T22:49:23.587264Z 0 [Note] Shutting down plugin 'INNODB_FT_CONFIG'
2020-12-27T22:49:23.587882Z 0 [Note] Shutting down plugin 'INNODB_FT_BEING_DELETED'
2020-12-27T22:49:23.588650Z 0 [Note] Shutting down plugin 'INNODB_FT_DELETED'
2020-12-27T22:49:23.589758Z 0 [Note] Shutting down plugin 'INNODB_FT_DEFAULT_STOPWORD'
2020-12-27T22:49:23.590845Z 0 [Note] Shutting down plugin 'INNODB_METRICS'
2020-12-27T22:49:23.592041Z 0 [Note] Shutting down plugin 'INNODB_TEMP_TABLE_INFO'
2020-12-27T22:49:23.593425Z 0 [Note] Shutting down plugin 'INNODB_BUFFER_POOL_STATS'
2020-12-27T22:49:23.594340Z 0 [Note] Shutting down plugin 'INNODB_BUFFER_PAGE_LRU'
2020-12-27T22:49:23.595363Z 0 [Note] Shutting down plugin 'INNODB_BUFFER_PAGE'
2020-12-27T22:49:23.596172Z 0 [Note] Shutting down plugin 'INNODB_CMP_PER_INDEX_RESET'
2020-12-27T22:49:23.597966Z 0 [Note] Shutting down plugin 'INNODB_CMP_PER_INDEX'
2020-12-27T22:49:23.599337Z 0 [Note] Shutting down plugin 'INNODB_CMPMEM_RESET'
2020-12-27T22:49:23.601157Z 0 [Note] Shutting down plugin 'INNODB_CMPMEM'
2020-12-27T22:49:23.602299Z 0 [Note] Shutting down plugin 'INNODB_CMP_RESET'
2020-12-27T22:49:23.603385Z 0 [Note] Shutting down plugin 'INNODB_CMP'
2020-12-27T22:49:23.604627Z 0 [Note] Shutting down plugin 'INNODB_LOCK_WAITS'
2020-12-27T22:49:23.605627Z 0 [Note] Shutting down plugin 'INNODB_LOCKS'
2020-12-27T22:49:23.606811Z 0 [Note] Shutting down plugin 'INNODB_TRX'
2020-12-27T22:49:23.607704Z 0 [Note] Shutting down plugin 'InnoDB'
2020-12-27T22:49:23.609597Z 0 [Note] InnoDB: FTS optimize thread exiting.
2020-12-27T22:49:23.610835Z 0 [Note] InnoDB: Starting shutdown...
2020-12-27T22:49:23.718035Z 0 [Note] InnoDB: Dumping buffer pool(s) to /var/lib/mysql/ib_buffer_pool
2020-12-27T22:49:23.731609Z 0 [Note] InnoDB: Buffer pool(s) dump completed at 201228  7:49:23
2020-12-27T22:49:25.380947Z 0 [Note] InnoDB: Shutdown completed; log sequence number 12618667
2020-12-27T22:49:25.390246Z 0 [Note] InnoDB: Removed temporary tablespace data file: "ibtmp1"
2020-12-27T22:49:25.391312Z 0 [Note] Shutting down plugin 'MEMORY'
2020-12-27T22:49:25.392362Z 0 [Note] Shutting down plugin 'CSV'
2020-12-27T22:49:25.393559Z 0 [Note] Shutting down plugin 'sha256_password'
2020-12-27T22:49:25.395048Z 0 [Note] Shutting down plugin 'mysql_native_password'
2020-12-27T22:49:25.396248Z 0 [Note] Shutting down plugin 'binlog'
2020-12-27T22:49:25.402011Z 0 [Note] mysqld: Shutdown complete

2020-12-27T22:49:42.767061Z 0 [Warning] TIMESTAMP with implicit DEFAULT value is deprecated. Please use --explicit_defaults_for_timestamp server option (see documentation for more details).
2020-12-27T22:49:42.787178Z 0 [Note] mysqld (mysqld 5.7.32) starting as process 1 ...
2020-12-27T22:49:42.805103Z 0 [Warning] Setting lower_case_table_names=2 because file system for /var/lib/mysql/ is case insensitive
2020-12-27T22:49:42.818197Z 0 [Note] InnoDB: PUNCH HOLE support available
2020-12-27T22:49:42.822891Z 0 [Note] InnoDB: Mutexes and rw_locks use GCC atomic builtins
2020-12-27T22:49:42.824707Z 0 [Note] InnoDB: Uses event mutexes
2020-12-27T22:49:42.826578Z 0 [Note] InnoDB: GCC builtin __atomic_thread_fence() is used for memory barrier
2020-12-27T22:49:42.828507Z 0 [Note] InnoDB: Compressed tables use zlib 1.2.11
2020-12-27T22:49:42.830496Z 0 [Note] InnoDB: Using Linux native AIO
2020-12-27T22:49:42.833849Z 0 [Note] InnoDB: Number of pools: 1
2020-12-27T22:49:42.835461Z 0 [Note] InnoDB: Using CPU crc32 instructions
2020-12-27T22:49:42.840299Z 0 [Note] InnoDB: Initializing buffer pool, total size = 128M, instances = 1, chunk size = 128M
2020-12-27T22:49:42.863476Z 0 [Note] InnoDB: Completed initialization of buffer pool
2020-12-27T22:49:42.868751Z 0 [Note] InnoDB: If the mysqld execution user is authorized, page cleaner thread priority can be changed. See the man page of setpriority().
2020-12-27T22:49:42.933237Z 0 [Note] InnoDB: Highest supported file format is Barracuda.
2020-12-27T22:49:43.109740Z 0 [Note] InnoDB: Creating shared tablespace for temporary tables
2020-12-27T22:49:43.114847Z 0 [Note] InnoDB: Setting file './ibtmp1' size to 12 MB. Physically writing the file full; Please wait ...
2020-12-27T22:49:43.402799Z 0 [Note] InnoDB: File './ibtmp1' size is now 12 MB.
2020-12-27T22:49:43.411225Z 0 [Note] InnoDB: 96 redo rollback segment(s) found. 96 redo rollback segment(s) are active.
2020-12-27T22:49:43.412228Z 0 [Note] InnoDB: 32 non-redo rollback segment(s) are active.
2020-12-27T22:49:43.413835Z 0 [Note] InnoDB: Waiting for purge to start
2020-12-27T22:49:43.466495Z 0 [Note] InnoDB: 5.7.32 started; log sequence number 12618667
2020-12-27T22:49:43.469202Z 0 [Note] Plugin 'FEDERATED' is disabled.
2020-12-27T22:49:43.469289Z 0 [Note] InnoDB: Loading buffer pool(s) from /var/lib/mysql/ib_buffer_pool
2020-12-27T22:49:43.571752Z 0 [Note] Found ca.pem, server-cert.pem and server-key.pem in data directory. Trying to enable SSL support using them.
2020-12-27T22:49:43.580994Z 0 [Note] Skipping generation of SSL certificates as certificate files are present in data directory.
2020-12-27T22:49:43.620140Z 0 [Warning] CA certificate ca.pem is self signed.
2020-12-27T22:49:43.621314Z 0 [Note] Skipping generation of RSA key pair as key files are present in data directory.
2020-12-27T22:49:43.632781Z 0 [Note] Server hostname (bind-address): '*'; port: 3306
2020-12-27T22:49:43.634016Z 0 [Note] IPv6 is available.
2020-12-27T22:49:43.636174Z 0 [Note]   - '::' resolves to '::';
2020-12-27T22:49:43.638016Z 0 [Note] Server socket created on IP: '::'.
2020-12-27T22:49:43.642396Z 0 [Warning] Insecure configuration for --pid-file: Location '/var/run/mysqld' in the path is accessible to all OS users. Consider choosing a different directory.
2020-12-27T22:49:43.648605Z 0 [Note] InnoDB: Buffer pool(s) load completed at 201228  7:49:43
2020-12-27T22:49:44.134791Z 0 [Note] Event Scheduler: Loaded 0 events
2020-12-27T22:49:44.136482Z 0 [Note] mysqld: ready for connections.
Version: '5.7.32'  socket: '/var/run/mysqld/mysqld.sock'  port: 3306  MySQL Community Server (GPL)
2020-12-27T23:22:21.006253Z 0 [Note] InnoDB: page_cleaner: 1000ms intended loop took 17974ms. The settings might not be optimal. (flushed=0 and evicted=0, during the time.)
2020-12-28T00:27:31.725552Z 0 [Note] InnoDB: page_cleaner: 1000ms intended loop took 17924ms. The settings might not be optimal. (flushed=0 and evicted=0, during the time.)
2020-12-28T06:04:59.592367Z 0 [Note] InnoDB: page_cleaner: 1000ms intended loop took 18252ms. The settings might not be optimal. (flushed=0 and evicted=0, during the time.)
2020-12-28T06:06:13.153667Z 0 [Note] InnoDB: page_cleaner: 1000ms intended loop took 17622ms. The settings might not be optimal. (flushed=0 and evicted=0, during the time.)
2020-12-28T06:48:33.712678Z 0 [Note] InnoDB: page_cleaner: 1000ms intended loop took 17444ms. The settings might not be optimal. (flushed=0 and evicted=0, during the time.)
2020-12-28T07:28:42.171437Z 0 [Note] InnoDB: page_cleaner: 1000ms intended loop took 17386ms. The settings might not be optimal. (flushed=0 and evicted=0, during the time.)
2020-12-28T07:29:56.890697Z 0 [Note] InnoDB: page_cleaner: 1000ms intended loop took 17718ms. The settings might not be optimal. (flushed=0 and evicted=0, during the time.)
2020-12-28T08:02:52.434746Z 0 [Note] InnoDB: page_cleaner: 1000ms intended loop took 17759ms. The settings might not be optimal. (flushed=0 and evicted=0, during the time.)
2020-12-28T10:06:22.101367Z 0 [Note] InnoDB: page_cleaner: 1000ms intended loop took 18010ms. The settings might not be optimal. (flushed=0 and evicted=0, during the time.)
2020-12-28T10:07:38.486355Z 0 [Note] InnoDB: page_cleaner: 1000ms intended loop took 17777ms. The settings might not be optimal. (flushed=0 and evicted=0, during the time.)
2020-12-28T10:51:31.158326Z 0 [Note] InnoDB: page_cleaner: 1000ms intended loop took 17543ms. The settings might not be optimal. (flushed=0 and evicted=0, during the time.)
2020-12-28T12:13:14.675574Z 0 [Note] InnoDB: page_cleaner: 1000ms intended loop took 17947ms. The settings might not be optimal. (flushed=0 and evicted=0, during the time.)
2020-12-28T12:14:24.596556Z 0 [Note] InnoDB: page_cleaner: 1000ms intended loop took 17762ms. The settings might not be optimal. (flushed=0 and evicted=0, during the time.)
2020-12-28T12:48:47.666924Z 0 [Note] InnoDB: page_cleaner: 1000ms intended loop took 18063ms. The settings might not be optimal. (flushed=0 and evicted=0, during the time.)
2020-12-28T15:43:36.524340Z 0 [Note] InnoDB: page_cleaner: 1000ms intended loop took 17512ms. The settings might not be optimal. (flushed=0 and evicted=0, during the time.)
2020-12-28T15:44:42.478188Z 0 [Note] InnoDB: page_cleaner: 1000ms intended loop took 17768ms. The settings might not be optimal. (flushed=0 and evicted=0, during the time.)
2020-12-28T16:25:33.283729Z 0 [Note] InnoDB: page_cleaner: 1000ms intended loop took 17981ms. The settings might not be optimal. (flushed=0 and evicted=0, during the time.)
2020-12-28T16:59:20.107162Z 0 [Note] InnoDB: page_cleaner: 1000ms intended loop took 17771ms. The settings might not be optimal. (flushed=0 and evicted=0, during the time.)
2020-12-28T17:00:34.857251Z 0 [Note] InnoDB: page_cleaner: 1000ms intended loop took 17706ms. The settings might not be optimal. (flushed=0 and evicted=0, during the time.)
2020-12-29T00:57:30.131638Z 0 [Note] InnoDB: page_cleaner: 1000ms intended loop took 17648ms. The settings might not be optimal. (flushed=0 and evicted=0, during the time.)
2020-12-29T01:38:12.838534Z 0 [Note] InnoDB: page_cleaner: 1000ms intended loop took 17941ms. The settings might not be optimal. (flushed=0 and evicted=0, during the time.)
